<?xml version="1.0" encoding="UTF-8"?>
<testng-results skipped="0" failed="0" ignored="0" total="2" passed="2">
  <reporter-output>
  </reporter-output>
  <suite name="Default suite" duration-ms="13819" started-at="2018-02-12T22:55:25Z" finished-at="2018-02-12T22:55:38Z">
    <groups>
    </groups>
    <test name="Default test" duration-ms="13819" started-at="2018-02-12T22:55:25Z" finished-at="2018-02-12T22:55:38Z">
      <class name="NetflixLogin.NetflixLoginPage">
        <test-method status="PASS" signature="setUp()[pri:0, instance:NetflixLogin.NetflixLoginPage@475530b9]" name="setUp" is-config="true" duration-ms="2784" started-at="2018-02-12T16:55:25Z" finished-at="2018-02-12T16:55:27Z">
          <reporter-output>
          </reporter-output>
        </test-method> <!-- setUp -->
        <test-method status="PASS" signature="testUntitled2()[pri:0, instance:NetflixLogin.NetflixLoginPage@475530b9]" name="testUntitled2" duration-ms="8075" started-at="2018-02-12T16:55:27Z" finished-at="2018-02-12T16:55:36Z">
          <reporter-output>
          </reporter-output>
        </test-method> <!-- testUntitled2 -->
        <test-method status="PASS" signature="tearDown()[pri:0, instance:NetflixLogin.NetflixLoginPage@475530b9]" name="tearDown" is-config="true" duration-ms="0" started-at="2018-02-12T16:55:36Z" finished-at="2018-02-12T16:55:36Z">
          <reporter-output>
          </reporter-output>
        </test-method> <!-- tearDown -->
        <test-method status="PASS" signature="setUp()[pri:0, instance:NetflixLogin.NetflixLoginPage@475530b9]" name="setUp" is-config="true" duration-ms="2232" started-at="2018-02-12T16:55:36Z" finished-at="2018-02-12T16:55:38Z">
          <reporter-output>
          </reporter-output>
        </test-method> <!-- setUp -->
        <test-method status="PASS" signature="testanotherone()[pri:0, instance:NetflixLogin.NetflixLoginPage@475530b9]" name="testanotherone" duration-ms="2" started-at="2018-02-12T16:55:38Z" finished-at="2018-02-12T16:55:38Z">
          <reporter-output>
          </reporter-output>
        </test-method> <!-- testanotherone -->
        <test-method status="PASS" signature="tearDown()[pri:0, instance:NetflixLogin.NetflixLoginPage@475530b9]" name="tearDown" is-config="true" duration-ms="708" started-at="2018-02-12T16:55:38Z" finished-at="2018-02-12T16:55:38Z">
          <reporter-output>
          </reporter-output>
        </test-method> <!-- tearDown -->
      </class> <!-- NetflixLogin.NetflixLoginPage -->
    </test> <!-- Default test -->
  </suite> <!-- Default suite -->
</testng-results>
