<?xml version="1.0" encoding="UTF-8"?>
<testng-results skipped="0" failed="0" ignored="0" total="2" passed="2">
  <reporter-output>
  </reporter-output>
  <suite name="Default suite" duration-ms="21036" started-at="2018-02-22T04:58:11Z" finished-at="2018-02-22T04:58:32Z">
    <groups>
    </groups>
    <test name="Default test" duration-ms="21036" started-at="2018-02-22T04:58:11Z" finished-at="2018-02-22T04:58:32Z">
      <class name="NetflixLogin.NetflixLoginPage">
        <test-method status="PASS" signature="setUp()[pri:0, instance:NetflixLogin.NetflixLoginPage@475530b9]" name="setUp" is-config="true" duration-ms="3064" started-at="2018-02-21T23:58:11Z" finished-at="2018-02-21T23:58:15Z">
          <reporter-output>
          </reporter-output>
        </test-method> <!-- setUp -->
        <test-method status="PASS" signature="testUntitled2()[pri:0, instance:NetflixLogin.NetflixLoginPage@475530b9]" name="testUntitled2" duration-ms="14981" started-at="2018-02-21T23:58:15Z" finished-at="2018-02-21T23:58:30Z">
          <reporter-output>
          </reporter-output>
        </test-method> <!-- testUntitled2 -->
        <test-method status="PASS" signature="tearDown()[pri:0, instance:NetflixLogin.NetflixLoginPage@475530b9]" name="tearDown" is-config="true" duration-ms="1" started-at="2018-02-21T23:58:30Z" finished-at="2018-02-21T23:58:30Z">
          <reporter-output>
          </reporter-output>
        </test-method> <!-- tearDown -->
        <test-method status="PASS" signature="setUp()[pri:0, instance:NetflixLogin.NetflixLoginPage@475530b9]" name="setUp" is-config="true" duration-ms="2235" started-at="2018-02-21T23:58:30Z" finished-at="2018-02-21T23:58:32Z">
          <reporter-output>
          </reporter-output>
        </test-method> <!-- setUp -->
        <test-method status="PASS" signature="testanotherone()[pri:0, instance:NetflixLogin.NetflixLoginPage@475530b9]" name="testanotherone" duration-ms="2" started-at="2018-02-21T23:58:32Z" finished-at="2018-02-21T23:58:32Z">
          <reporter-output>
          </reporter-output>
        </test-method> <!-- testanotherone -->
        <test-method status="PASS" signature="tearDown()[pri:0, instance:NetflixLogin.NetflixLoginPage@475530b9]" name="tearDown" is-config="true" duration-ms="727" started-at="2018-02-21T23:58:32Z" finished-at="2018-02-21T23:58:32Z">
          <reporter-output>
          </reporter-output>
        </test-method> <!-- tearDown -->
      </class> <!-- NetflixLogin.NetflixLoginPage -->
    </test> <!-- Default test -->
  </suite> <!-- Default suite -->
</testng-results>
